<?xml version="1.0" encoding="UTF-8"?>
<!-- Generated by org.testng.reporters.JUnitReportReporter -->
<testsuite skipped="0" hostname="VeNkY-PC" name="com.ebay.qa.testcases.RegisterTestCase" tests="3" failures="0" timestamp="05 Aug 2018 17:03:54 GMT" time="241.358" errors="0">
  <testcase name="registerFillDataTest" time="79.095" classname="com.ebay.qa.testcases.RegisterTestCase"/>
  <testcase name="registerFillDataTest" time="74.421" classname="com.ebay.qa.testcases.RegisterTestCase"/>
  <testcase name="registerFillDataTest" time="87.842" classname="com.ebay.qa.testcases.RegisterTestCase"/>
</testsuite> <!-- com.ebay.qa.testcases.RegisterTestCase -->
