<?xml version="1.0" encoding="UTF-8"?>
<!-- Generated by org.testng.reporters.JUnitReportReporter -->
<testsuite skipped="0" hostname="VeNkY-PC" name="com.ebay.qa.testcases.IndexTestCase" tests="2" failures="0" timestamp="06 Aug 2018 15:45:17 GMT" time="63.786" errors="0">
  <testcase name="varifyTitleTest" time="28.855" classname="com.ebay.qa.testcases.IndexTestCase"/>
  <testcase name="varifyLogoTest" time="34.931" classname="com.ebay.qa.testcases.IndexTestCase"/>
</testsuite> <!-- com.ebay.qa.testcases.IndexTestCase -->
